0 info it worked if it ends with ok
1 verbose cli [ '/usr/local/bin/node', '/usr/local/bin/npm', 'run', 'build' ]
2 info using npm@3.10.10
3 info using node@v6.10.2
4 warn invalid config registry=""
5 warn invalid config Must be a full url with 'http://'
6 verbose run-script [ 'prebuild', 'build', 'postbuild' ]
7 info lifecycle aven@0.0.0~prebuild: aven@0.0.0
8 silly lifecycle aven@0.0.0~prebuild: no script for prebuild, continuing
9 info lifecycle aven@0.0.0~build: aven@0.0.0
10 verbose lifecycle aven@0.0.0~build: unsafe-perm in lifecycle true
11 verbose lifecycle aven@0.0.0~build: PATH: /usr/local/lib/node_modules/npm/bin/node-gyp-bin:/Users/eric/aven/node_modules/.bin:/Users/eric/aven/node_modules/.bin:/Users/eric/.config/yarn/link/node_modules/.bin:/Users/eric/aven/node_modules/.bin:/Users/eric/.config/yarn/link/node_modules/.bin:/usr/local/bin:/usr/local/lib/node_modules/npm/bin/node-gyp-bin:/usr/local/bin/node_modules/npm/bin/node-gyp-bin:/usr/local/bin:/usr/bin:/bin:/usr/sbin:/sbin:/Users/eric/Library/Android/sdk/tools:/Users/eric/Library/Android/sdk/platform-tools
12 verbose lifecycle aven@0.0.0~build: CWD: /Users/eric/aven
13 silly lifecycle aven@0.0.0~build: Args: [ '-c',
13 silly lifecycle   'node_modules/babel-cli/bin/babel.js src/ --out-dir lib/ && rm -rf lib/static && cp -r src/static lib/static && npm run build-client' ]
14 silly lifecycle aven@0.0.0~build: Returned: code: 1  signal: null
15 info lifecycle aven@0.0.0~build: Failed to exec build script
16 verbose stack Error: aven@0.0.0 build: `node_modules/babel-cli/bin/babel.js src/ --out-dir lib/ && rm -rf lib/static && cp -r src/static lib/static && npm run build-client`
16 verbose stack Exit status 1
16 verbose stack     at EventEmitter.<anonymous> (/usr/local/lib/node_modules/npm/lib/utils/lifecycle.js:255:16)
16 verbose stack     at emitTwo (events.js:106:13)
16 verbose stack     at EventEmitter.emit (events.js:191:7)
16 verbose stack     at ChildProcess.<anonymous> (/usr/local/lib/node_modules/npm/lib/utils/spawn.js:40:14)
16 verbose stack     at emitTwo (events.js:106:13)
16 verbose stack     at ChildProcess.emit (events.js:191:7)
16 verbose stack     at maybeClose (internal/child_process.js:886:16)
16 verbose stack     at Process.ChildProcess._handle.onexit (internal/child_process.js:226:5)
17 verbose pkgid aven@0.0.0
18 verbose cwd /Users/eric/aven
19 error Darwin 16.6.0
20 error argv "/usr/local/bin/node" "/usr/local/bin/npm" "run" "build"
21 error node v6.10.2
22 error npm  v3.10.10
23 error code ELIFECYCLE
24 error aven@0.0.0 build: `node_modules/babel-cli/bin/babel.js src/ --out-dir lib/ && rm -rf lib/static && cp -r src/static lib/static && npm run build-client`
24 error Exit status 1
25 error Failed at the aven@0.0.0 build script 'node_modules/babel-cli/bin/babel.js src/ --out-dir lib/ && rm -rf lib/static && cp -r src/static lib/static && npm run build-client'.
25 error Make sure you have the latest version of node.js and npm installed.
25 error If you do, this is most likely a problem with the aven package,
25 error not with npm itself.
25 error Tell the author that this fails on your system:
25 error     node_modules/babel-cli/bin/babel.js src/ --out-dir lib/ && rm -rf lib/static && cp -r src/static lib/static && npm run build-client
25 error You can get information on how to open an issue for this project with:
25 error     npm bugs aven
25 error Or if that isn't available, you can get their info via:
25 error     npm owner ls aven
25 error There is likely additional logging output above.
26 verbose exit [ 1, true ]
